build/app/intermediates/manifest_merge_blame_file/debug/manifest-merger-blame-debug-report.txt
1<?xml version="1.0" encoding="utf-8"?>
2<manifest xmlns:android="http://schemas.android.com/apk/res/android"
3    package="com.example.pushy_notifications"
4    android:versionCode="1"
5    android:versionName="1.0.0" >
6
7    <uses-sdk
8        android:minSdkVersion="16"
9        android:targetSdkVersion="28" />
10    <!--
11         Flutter needs it to communicate with the running application
12         to allow setting breakpoints, to provide hot reload, etc.
13    -->
14    <uses-permission android:name="android.permission.INTERNET" />
14-->src/main/AndroidManifest.xml:3:5-67
14-->src/main/AndroidManifest.xml:3:22-64
15    <uses-permission android:name="android.permission.WAKE_LOCK" />
15-->src/main/AndroidManifest.xml:4:1-64
15-->src/main/AndroidManifest.xml:4:18-61
16    <uses-permission android:name="android.permission.ACCESS_NETWORK_STATE" />
16-->src/main/AndroidManifest.xml:5:1-75
16-->src/main/AndroidManifest.xml:5:18-72
17    <uses-permission android:name="android.permission.RECEIVE_BOOT_COMPLETED" />
17-->src/main/AndroidManifest.xml:6:1-77
17-->src/main/AndroidManifest.xml:6:18-74
18    <uses-permission android:name="android.permission.WRITE_EXTERNAL_STORAGE" />
18-->src/main/AndroidManifest.xml:7:1-76
18-->src/main/AndroidManifest.xml:7:18-74
19    <!--
20 io.flutter.app.FlutterApplication is an android.app.Application that
21         calls FlutterMain.startInitialization(this); in its onCreate method.
22         In most cases you can leave this as-is, but you if you want to provide
23         additional functionality it is fine to subclass or reimplement
24         FlutterApplication and put your custom class here.
25    -->
26    <application
26-->src/main/AndroidManifest.xml:13:5-93:19
27        android:name="io.flutter.app.FlutterApplication"
27-->src/main/AndroidManifest.xml:14:9-57
28        android:appComponentFactory="androidx.core.app.CoreComponentFactory"
28-->[androidx.core:core:1.0.0] AndroidManifest.xml:22:18-86
29        android:debuggable="true"
30        android:icon="@mipmap/ic_launcher"
30-->src/main/AndroidManifest.xml:16:9-43
31        android:label="pushy_notifications" >
31-->src/main/AndroidManifest.xml:15:9-44
32        <activity
32-->src/main/AndroidManifest.xml:17:9-45:20
33            android:name="com.example.pushy_notifications.MainActivity"
33-->src/main/AndroidManifest.xml:18:13-41
34            android:configChanges="orientation|keyboardHidden|keyboard|screenSize|smallestScreenSize|locale|layoutDirection|fontScale|screenLayout|density|uiMode"
34-->src/main/AndroidManifest.xml:21:13-163
35            android:hardwareAccelerated="true"
35-->src/main/AndroidManifest.xml:22:13-47
36            android:launchMode="singleTop"
36-->src/main/AndroidManifest.xml:19:13-43
37            android:theme="@style/LaunchTheme"
37-->src/main/AndroidManifest.xml:20:13-47
38            android:windowSoftInputMode="adjustResize" >
38-->src/main/AndroidManifest.xml:23:13-55
39
40            <!--
41                 Specifies an Android theme to apply to this Activity as soon as
42                 the Android process has started. This theme is visible to the user
43                 while the Flutter UI initializes. After that, this theme continues
44                 to determine the Window background behind the Flutter UI.
45            -->
46            <meta-data
46-->src/main/AndroidManifest.xml:28:13-31:17
47                android:name="io.flutter.embedding.android.NormalTheme"
47-->src/main/AndroidManifest.xml:29:15-70
48                android:resource="@style/NormalTheme" />
48-->src/main/AndroidManifest.xml:30:15-52
49            <!--
50                 Displays an Android View that continues showing the launch screen
51                 Drawable until Flutter paints its first frame, then this splash
52                 screen fades out. A splash screen is useful to avoid any visual
53                 gap between the end of Android's launch screen and the painting of
54                 Flutter's first frame.
55            -->
56            <meta-data
56-->src/main/AndroidManifest.xml:37:13-40:17
57                android:name="io.flutter.embedding.android.SplashScreenDrawable"
57-->src/main/AndroidManifest.xml:38:15-79
58                android:resource="@drawable/launch_background" />
58-->src/main/AndroidManifest.xml:39:15-61
59
60            <intent-filter>
60-->src/main/AndroidManifest.xml:41:13-44:29
61                <action android:name="android.intent.action.MAIN" />
61-->src/main/AndroidManifest.xml:42:17-68
61-->src/main/AndroidManifest.xml:42:25-66
62
63                <category android:name="android.intent.category.LAUNCHER" />
63-->src/main/AndroidManifest.xml:43:17-76
63-->src/main/AndroidManifest.xml:43:27-74
64            </intent-filter>
65        </activity>
66        <!--
67             Don't delete the meta-data below.
68             This is used by the Flutter tool to generate GeneratedPluginRegistrant.java
69        -->
70        <meta-data
70-->src/main/AndroidManifest.xml:48:9-50:33
71            android:name="flutterEmbedding"
71-->src/main/AndroidManifest.xml:49:13-44
72            android:value="2" />
72-->src/main/AndroidManifest.xml:50:13-30
73
74        <receiver
74-->src/main/AndroidManifest.xml:51:9-56:12
75            android:name="me.pushy.sdk.flutter.PushReceiver"
75-->src/main/AndroidManifest.xml:51:19-67
76            android:exported="false" >
76-->src/main/AndroidManifest.xml:51:68-92
77            <intent-filter>
77-->src/main/AndroidManifest.xml:52:5-55:21
78
79                <!-- Do not modify this -->
80                <action android:name="pushy.me" />
80-->src/main/AndroidManifest.xml:54:9-43
80-->src/main/AndroidManifest.xml:54:17-40
81            </intent-filter>
82        </receiver>
83
84        <!-- Internal Notification Receiver -->
85        <!-- Do not modify - internal BroadcastReceiver that sends notifications to your Flutter app -->
86        <receiver
86-->src/main/AndroidManifest.xml:60:1-65:12
87            android:name="me.pushy.sdk.flutter.internal.PushyInternalReceiver"
87-->src/main/AndroidManifest.xml:60:11-77
88            android:exported="false" >
88-->src/main/AndroidManifest.xml:60:78-102
89            <intent-filter>
89-->src/main/AndroidManifest.xml:52:5-55:21
90
91                <!-- Do not modify this -->
92                <action android:name="pushy.me" />
92-->src/main/AndroidManifest.xml:54:9-43
92-->src/main/AndroidManifest.xml:54:17-40
93            </intent-filter>
94        </receiver>
95
96        <!-- Pushy Update Receiver -->
97        <!-- Do not modify - internal BroadcastReceiver that restarts the listener service -->
98        <receiver
98-->src/main/AndroidManifest.xml:69:1-73:12
99            android:name="me.pushy.sdk.receivers.PushyUpdateReceiver"
99-->src/main/AndroidManifest.xml:69:11-68
100            android:exported="false" >
100-->src/main/AndroidManifest.xml:69:69-93
101            <intent-filter>
101-->src/main/AndroidManifest.xml:70:5-72:21
102                <action android:name="android.intent.action.MY_PACKAGE_REPLACED" />
102-->src/main/AndroidManifest.xml:71:9-76
102-->src/main/AndroidManifest.xml:71:17-73
103            </intent-filter>
104        </receiver>
105
106        <!-- Pushy Boot Receiver -->
107        <!-- Do not modify - internal BroadcastReceiver that restarts the listener service -->
108        <receiver
108-->src/main/AndroidManifest.xml:77:1-81:12
109            android:name="me.pushy.sdk.receivers.PushyBootReceiver"
109-->src/main/AndroidManifest.xml:77:11-66
110            android:exported="false" >
110-->src/main/AndroidManifest.xml:77:67-91
111            <intent-filter>
111-->src/main/AndroidManifest.xml:78:5-80:21
112                <action android:name="android.intent.action.BOOT_COMPLETED" />
112-->src/main/AndroidManifest.xml:79:9-70
112-->src/main/AndroidManifest.xml:79:17-68
113            </intent-filter>
114        </receiver>
115
116        <!-- Pushy Socket Service -->
117        <!-- Do not modify - internal service -->
118        <service
118-->src/main/AndroidManifest.xml:85:1-97
119            android:name="me.pushy.sdk.services.PushySocketService"
119-->src/main/AndroidManifest.xml:85:10-65
120            android:stopWithTask="false" />
120-->src/main/AndroidManifest.xml:85:66-94
121
122        <!-- Pushy Job Service (added in Pushy SDK 1.0.35) -->
123        <!-- Do not modify - internal service -->
124        <service
124-->src/main/AndroidManifest.xml:89:1-92:36
125            android:name="me.pushy.sdk.services.PushyJobService"
125-->src/main/AndroidManifest.xml:89:10-62
126            android:exported="true"
126-->src/main/AndroidManifest.xml:91:5-28
127            android:permission="android.permission.BIND_JOB_SERVICE"
127-->src/main/AndroidManifest.xml:90:5-61
128            android:stopWithTask="false" />
128-->src/main/AndroidManifest.xml:92:5-33
129    </application>
130
131</manifest>